<?xml version="1.0" encoding="UTF-8"?>
<testsuite xmlns:xsi="http://www.w3.org/2001/XMLSchema-instance" xsi:noNamespaceSchemaLocation="https://maven.apache.org/surefire/maven-surefire-plugin/xsd/surefire-test-report.xsd" name="runner.runner" time="44.685" tests="22" errors="0" skipped="0" failures="0">
  <properties>
[...]
</properties>
  <testcase name="Given User launch the application" classname="Scenario: Select Ipad" time="0.003"/>
  <testcase name="When User Click On Ipad Link" classname="Scenario: Select Ipad" time="0"/>
  <testcase name="Then Click On Buy Link" classname="Scenario: Select Ipad" time="0"/>
  <testcase name="Then Click On Silver Color" classname="Scenario: Select Ipad" time="0"/>
  <testcase name="Then Click On 32GB Storage" classname="Scenario: Select Ipad" time="0"/>
  <testcase name="Then Click On WiFI+Cellular Connectivity" classname="Scenario: Select Ipad" time="0"/>
  <testcase name="Then Click On AppleCare" classname="Scenario: Select Ipad" time="0"/>
  <testcase name="Then Click On Add" classname="Scenario: Select Ipad" time="0"/>
  <testcase name="Then Click On Continue" classname="Scenario: Select Ipad" time="0"/>
  <testcase name="Then Click On AddToBag" classname="Scenario: Select Ipad" time="0"/>
  <testcase name="Then Click On ReviewBag Button" classname="Scenario: Select Ipad" time="0.001"/>
  <testcase name="Then Click On CheckOut" classname="Scenario: Select Ipad" time="0"/>
  <testcase name="Then Click On ContinueasGuest" classname="Scenario: Select Ipad" time="0"/>
  <testcase name="Then Select ContinueToShipping Address" classname="Scenario: Select Ipad" time="0"/>
  <testcase name="Then Enter Address Details" classname="Scenario: Select Ipad" time="0"/>
  <testcase name="Then Click On ContinueToPayment" classname="Scenario: Select Ipad" time="0"/>
  <testcase name="Then Select Credit/Debit" classname="Scenario: Select Ipad" time="0"/>
  <testcase name="Then Enter CreditCard Details" classname="Scenario: Select Ipad" time="0"/>
  <testcase name="Then Click On Order" classname="Scenario: Select Ipad" time="0"/>
  <testcase name="Then Verify Error Message" classname="Scenario: Select Ipad" time="0"/>
  <testcase name="Then Close Browser" classname="Scenario: Select Ipad" time="0"/>
  <testcase name="Scenario: Select Ipad" classname="Scenario: Select Ipad" time="0"/>
</testsuite>